WARNING:  Default abs_solar is for SDSS i-band at z=0.3
WARNING: Default is to not use lambda errors
WARNING:  Default nz_descale (0)
WARNING:  Default skip do_env (0)
Parameter file read successful
Reading clusters file...
399882  clusters read in
0.59996
Reading members file...
21982271  galaxies read in
21982271  galaxies kcorrected
Ultimate max z cut is at:  3.0
Finished converting mags to log(Lsolar)
Done renormalizing P(z)
Max lambda:  288.476
/afs/slac.stanford.edu/u/ki/rmredd/code/python/redmapper/pext_correct.py:131: RuntimeWarning: invalid value encountered in divide
  s = np.log(cat_chisq/cat_chisq_mod)
/afs/slac.stanford.edu/u/ki/rmredd/code/python/redmapper/pext_correct.py:141: RuntimeWarning: divide by zero encountered in log
  xvec = np.log(cat_chisq_mod)
Done setting up bootstrap samples
Calculating n(z)...
/afs/slac.stanford.edu/u/ki/rmredd/code/python/redmapper/pz_utils.py:71: RuntimeWarning: invalid value encountered in greater
  alist = np.where(lambda_err>0)[0]
Done calculating n(z)
Calculating n(lambda)...
WARNING:  Some clusters have P>1, correcting
WARNING:  Some clusters have P>1, correcting
Done calculating n(lambda)
Done calculating bonus listing of massive clusters
[[ 10.  15.  20.  20.  25.  30.  40.  60.]
 [ 10.  15.  20.  20.  25.  30.  40.  60.]
 [ 10.  15.  20.  20.  25.  30.  40.  60.]
 [ 10.  15.  20.  20.  25.  30.  40.  60.]
 [ 10.  15.  20.  20.  25.  30.  40.  60.]] [[  15.   20.  100.   25.   30.   40.   60.  100.]
 [  15.   20.  100.   25.   30.   40.   60.  100.]
 [  15.   20.  100.   25.   30.   40.   60.  100.]
 [  15.   20.  100.   25.   30.   40.   60.  100.]
 [  15.   20.  100.   25.   30.   40.   60.  100.]] [ 0.1   0.15  0.2   0.25  0.3 ] [ 0.15  0.2   0.25  0.3   0.33]
Calculating CLF...
WARNING:  Some clusters have P>1, correcting
WARNING:  Some clusters have P>1, correcting
/afs/slac.stanford.edu/u/ki/rmredd/code/python/redmapper/redm_clf.py:329: RuntimeWarning: invalid value encountered in divide
  clf = clf/nclusters_lum/dlum
Beginning CLF covariance calculations...
Done calculating CLF
Calculating P(BCG!=central)...
    Printing P(BCG!=central)...
    Done printing
Calculating brightest satellite clf...
Calculating joint brightest sat-central distribution...
PCEN:  1.47952798009 399882 1981716 212204 399694.514556

------------------------------------------------------------
Sender: LSF System <lsf@orange091>
Subject: Job 65396: <python redm_full.py param_dr8.dat> in cluster <slac> Done

Job <python redm_full.py param_dr8.dat> was submitted from host <ki-ls08> by user <rmredd> in cluster <slac>.
Job was executed on host(s) <orange091>, in queue <kipac-ibq>, as user <rmredd> in cluster <slac>.
</u/ki/rmredd> was used as the home directory.
</u/ki/rmredd/code/python/redmapper> was used as the working directory.
Started at Sat Apr 19 18:58:00 2014
Results reported on Sun Apr 20 09:46:48 2014

Your job looked like:

------------------------------------------------------------
# LSBATCH: User input
python redm_full.py param_dr8.dat
------------------------------------------------------------

Successfully completed.

Resource usage summary:

    CPU time :               53103.90 sec.
    Max Memory :             31210 MB
    Average Memory :         27253.56 MB
    Total Requested Memory : -
    Delta Memory :           -
    (Delta: the difference between Total Requested Memory and Max Memory.)
    Max Swap :               46753 MB
    Max Processes :          3
    Max Threads :            4

The output (if any) is above this job summary.

