WARNING:  Default is NOT to use central mag correction
          use_dr8_cen_corr = 0
WARNING:  Default probability offset is zero
WARNING: Default is to not use lambda errors
WARNING:  Default skip do_env (0)
Parameter file read successful
Reading clusters file...
20539  clusters read in
0.947781
Reading members file...
1525968  galaxies read in
1525968  galaxies kcorrected
Ultimate max z cut is at:  1.0
Finished converting mags to log(Lsolar)
Done renormalizing P(z)
Max lambda:  275.204
/afs/slac.stanford.edu/u/ki/rmredd/code/python/redmapper/pext_correct.py:194: RuntimeWarning: invalid value encountered in divide
  s = np.log(cat_chisq/cat_chisq_mod)
/afs/slac.stanford.edu/u/ki/rmredd/code/python/redmapper/pext_correct.py:204: RuntimeWarning: divide by zero encountered in log
  xvec = np.log(cat_chisq_mod)
/afs/slac.stanford.edu/u/ki/rmredd/code/python/redmapper/pext_correct.py:227: RuntimeWarning: divide by zero encountered in log
  fblue=1.0-predfunc_fiducial(np.log(cat_chisq_mod))
Done setting up bootstrap samples
Calculating n(z)...
Done calculating n(z)
Calculating n(lambda)...
WARNING:  Some clusters have P>1, correcting
WARNING:  Some clusters have P>1, correcting
WARNING:  Some clusters have P>1, correcting
WARNING:  Some clusters have P>1, correcting
WARNING:  Some clusters have P>1, correcting
Done calculating n(lambda)
Done calculating bonus listing of massive clusters
[[ 10.  20.  40.]
 [ 10.  20.  40.]
 [ 10.  20.  40.]
 [ 10.  20.  40.]
 [ 10.  20.  40.]
 [ 10.  20.  40.]
 [ 10.  20.  40.]
 [ 10.  20.  40.]] [[  20.   40.  100.]
 [  20.   40.  100.]
 [  20.   40.  100.]
 [  20.   40.  100.]
 [  20.   40.  100.]
 [  20.   40.  100.]
 [  20.   40.  100.]
 [  20.   40.  100.]] [ 0.1  0.2  0.3  0.4  0.5  0.6  0.7  0.8] [ 0.2  0.3  0.4  0.5  0.6  0.7  0.8  0.9]
Calculating CLF...
WARNING:  Some clusters have P>1, correcting
WARNING:  Some clusters have P>1, correcting
WARNING:  Some clusters have P>1, correcting
WARNING:  Some clusters have P>1, correcting
WARNING:  Some clusters have P>1, correcting
/afs/slac.stanford.edu/u/ki/rmredd/code/python/redmapper/redm_clf.py:329: RuntimeWarning: invalid value encountered in divide
  clf = clf/nclusters_lum/dlum
Beginning CLF covariance calculations...
Done calculating CLF
Calculating P(BCG!=central)...
    Printing P(BCG!=central)...
    Done printing
Calculating brightest satellite clf...
Calculating joint brightest sat-central distribution...
PCEN:  1.35283952951 20539 102001 8045 20534.06593

------------------------------------------------------------
Sender: LSF System <lsf@orange090>
Subject: Job 740818: <python redm_full.py param_sva1_gold_uber.dat> in cluster <slac> Done

Job <python redm_full.py param_sva1_gold_uber.dat> was submitted from host <ki-ls09> by user <rmredd> in cluster <slac>.
Job was executed on host(s) <orange090>, in queue <kipac-ibq>, as user <rmredd> in cluster <slac>.
</u/ki/rmredd> was used as the home directory.
</u/ki/rmredd/code/python/redmapper> was used as the working directory.
Started at Wed May 14 07:47:54 2014
Results reported on Wed May 14 08:38:16 2014

Your job looked like:

------------------------------------------------------------
# LSBATCH: User input
python redm_full.py param_sva1_gold_uber.dat
------------------------------------------------------------

Successfully completed.

Resource usage summary:

    CPU time :               3031.56 sec.
    Max Memory :             2688 MB
    Average Memory :         2083.53 MB
    Total Requested Memory : -
    Delta Memory :           -
    (Delta: the difference between Total Requested Memory and Max Memory.)
    Max Swap :               3086 MB
    Max Processes :          3
    Max Threads :            4

The output (if any) is above this job summary.

