WARNING: Default is to not use lambda errors
WARNING:  Default skip do_env (0)
Parameter file read successful
Reading clusters file...
46501  clusters read in
0.899954
Reading members file...
2428595  galaxies read in
2428595  galaxies kcorrected
Ultimate max z cut is at:  1.0
Finished converting mags to log(Lsolar)
Done renormalizing P(z)
Max lambda:  409.402
/afs/slac.stanford.edu/u/ki/rmredd/code/python/redmapper/pext_correct.py:51: RuntimeWarning: divide by zero encountered in log
  lnchi2 = np.log(chi2)
Done setting up bootstrap samples
Calculating n(z)...
Done calculating n(z)
Calculating n(lambda)...
WARNING:  Some clusters have P>1, correcting
WARNING:  Some clusters have P>1, correcting
WARNING:  Some clusters have P>1, correcting
WARNING:  Some clusters have P>1, correcting
WARNING:  Some clusters have P>1, correcting
WARNING:  Some clusters have P>1, correcting
Done calculating n(lambda)
Done calculating bonus listing of massive clusters
[[ 10.  20.  40.]
 [ 10.  20.  40.]
 [ 10.  20.  40.]
 [ 10.  20.  40.]
 [ 10.  20.  40.]
 [ 10.  20.  40.]
 [ 10.  20.  40.]
 [ 10.  20.  40.]] [[  20.  100.  100.]
 [  20.  100.  100.]
 [  20.  100.  100.]
 [  20.  100.  100.]
 [  20.  100.  100.]
 [  20.  100.  100.]
 [  20.  100.  100.]
 [  20.  100.  100.]] [ 0.1  0.2  0.3  0.4  0.5  0.6  0.7  0.8] [ 0.2  0.3  0.4  0.5  0.6  0.7  0.8  0.9]
Calculating CLF...
WARNING:  Some clusters have P>1, correcting
WARNING:  Some clusters have P>1, correcting
WARNING:  Some clusters have P>1, correcting
WARNING:  Some clusters have P>1, correcting
WARNING:  Some clusters have P>1, correcting
/afs/slac.stanford.edu/u/ki/rmredd/code/python/redmapper/redm_clf.py:329: RuntimeWarning: invalid value encountered in divide
  clf = clf/nclusters_lum/dlum
WARNING:  Some clusters have P>1, correcting
Beginning CLF covariance calculations...
Done calculating CLF
Calculating P(BCG!=central)...
    Printing P(BCG!=central)...
    Done printing
PCEN:  1.53327956051 46501 223049 13195 46340.6275942

------------------------------------------------------------
Sender: LSF System <lsf@orange042>
Subject: Job 146665: <python redm_full.py param_sva1_gold_uber.dat> in cluster <slac> Done

Job <python redm_full.py param_sva1_gold_uber.dat> was submitted from host <ki-ls08> by user <rmredd> in cluster <slac>.
Job was executed on host(s) <orange042>, in queue <kipac-ibq>, as user <rmredd> in cluster <slac>.
</u/ki/rmredd> was used as the home directory.
</u/ki/rmredd/code/python/redmapper> was used as the working directory.
Started at Wed Apr 16 12:21:35 2014
Results reported on Wed Apr 16 13:29:29 2014

Your job looked like:

------------------------------------------------------------
# LSBATCH: User input
python redm_full.py param_sva1_gold_uber.dat
------------------------------------------------------------

Successfully completed.

Resource usage summary:

    CPU time :               3963.21 sec.
    Max Memory :             31170 MB
    Average Memory :         4584.08 MB
    Total Requested Memory : -
    Delta Memory :           -
    (Delta: the difference between Total Requested Memory and Max Memory.)
    Max Swap :               46086 MB
    Max Processes :          3
    Max Threads :            4

The output (if any) is above this job summary.

