WARNING:  Default abs_solar is for SDSS i-band at z=0.3
WARNING: Default is to not use lambda errors
WARNING:  Default nz_descale (0)
WARNING:  Default skip do_env (0)
Parameter file read successful
Reading clusters file...
399882  clusters read in
0.59996
Reading members file...
21982271  galaxies read in
21982271  galaxies kcorrected
Ultimate max z cut is at:  3.0
Finished converting mags to log(Lsolar)
Done renormalizing P(z)
Max lambda:  288.476
/afs/slac.stanford.edu/u/ki/rmredd/code/python/redmapper/pext_correct.py:194: RuntimeWarning: invalid value encountered in divide
  s = np.log(cat_chisq/cat_chisq_mod)
/afs/slac.stanford.edu/u/ki/rmredd/code/python/redmapper/pext_correct.py:204: RuntimeWarning: divide by zero encountered in log
  xvec = np.log(cat_chisq_mod)
/afs/slac.stanford.edu/u/ki/rmredd/code/python/redmapper/pext_correct.py:227: RuntimeWarning: divide by zero encountered in log
  fblue=1.0-predfunc_fiducial(np.log(cat_chisq_mod))
/afs/slac.stanford.edu/u/ki/rmredd/code/python/redmapper/pext_correct.py:228: RuntimeWarning: divide by zero encountered in divide
  gal_epsblue=fblue/(1.0-fblue)
Traceback (most recent call last):
  File "redm_full.py", line 431, in <module>
    mem['p'] = mem['p'] + float(params['p_offset'])
  File "/afs/slac/g/ki/software/python/2.7.3/lib/python2.7/site-packages/pyfits/fitsrec.py", line 311, in __setitem__
    raise TypeError('Assignment requires a FITS_record, tuple, or '
TypeError: Assignment requires a FITS_record, tuple, or list as input.

------------------------------------------------------------
Sender: LSF System <lsf@bullet0194>
Subject: Job 106546: <python redm_full.py param_dr8_lo.dat> in cluster <slac> Exited

Job <python redm_full.py param_dr8_lo.dat> was submitted from host <ki-ls08> by user <rmredd> in cluster <slac>.
Job was executed on host(s) <bullet0194>, in queue <xlong>, as user <rmredd> in cluster <slac>.
</u/ki/rmredd> was used as the home directory.
</u/ki/rmredd/code/python/redmapper> was used as the working directory.
Started at Wed Apr 30 16:28:54 2014
Results reported on Wed Apr 30 16:33:54 2014

Your job looked like:

------------------------------------------------------------
# LSBATCH: User input
python redm_full.py param_dr8_lo.dat
------------------------------------------------------------

Exited with exit code 1.

Resource usage summary:

    CPU time :               262.63 sec.
    Max Memory :             9402 MB
    Average Memory :         6358.80 MB
    Total Requested Memory : -
    Delta Memory :           -
    (Delta: the difference between Total Requested Memory and Max Memory.)
    Max Swap :               11512 MB
    Max Processes :          3
    Max Threads :            4

The output (if any) is above this job summary.


------------------------------------------------------------
Sender: LSF System <lsf@orange007>
Subject: Job 749944: <python redm_full.py param_dr8_lo.dat> in cluster <slac> Exited

Job <python redm_full.py param_dr8_lo.dat> was submitted from host <ki-ls08> by user <rmredd> in cluster <slac>.
Job was executed on host(s) <orange007>, in queue <kipac-ibq>, as user <rmredd> in cluster <slac>.
</u/ki/rmredd> was used as the home directory.
</u/ki/rmredd/code/python/redmapper> was used as the working directory.
Started at Fri May  2 13:33:58 2014
Results reported on Fri May  2 18:16:59 2014
Cannot open your job file: /u/ki/rmredd/.lsbatch/1399062834.749944
Exited
The output (if any) is above this job summary.

